<?xml version="1.0" encoding="UTF-8"?>
<!-- Generated by org.testng.reporters.JUnitReportReporter -->
<testsuite name="globaCom.suite.DriverScript" tests="1" time="27.200" ignored="0" failures="0" timestamp="17 Dec 2016 05:15:08 GMT" skipped="0" hostname="197NODNB16978" errors="0">
  <testcase name="TestScript" time="27.200" classname="globaCom.suite.DriverScript"/>
</testsuite> <!-- globaCom.suite.DriverScript -->
