<?xml version="1.0" encoding="UTF-8"?>
<!-- Generated by org.testng.reporters.JUnitReportReporter -->
<testsuite skipped="0" hostname="197NODNB16978" name="genericLibraries.genLib" tests="1" failures="0" timestamp="11 Nov 2016 13:43:44 GMT" time="31.159" errors="0">
  <testcase name="launchApp" time="31.159" classname="genericLibraries.genLib"/>
</testsuite> <!-- genericLibraries.genLib -->
